Using pre-set license
Built from '2020.3/release' branch; Version is '2020.3.31f1 (6b54b7616050) revision 7034039'; Using compiler version '192528614'; Build Type 'Release'
OS: 'Windows 10  (10.0.19044) 64bit Professional' Language: 'en' Physical Memory: 32598 MB
BatchMode: 1, IsHumanControllingUs: 0, StartBugReporterOnCrash: 0, Is64bit: 1, IsPro: 0

COMMAND LINE ARGUMENTS:
C:\Program Files\Unity 2020.3.31f1\Editor\Unity.exe
-adb2
-batchMode
-noUpm
-name
AssetImportWorker0
-projectPath
C:/Users/Egidijus.Subacius/Desktop/Unity/_SpaceStrategy/MyTestProject
-logFile
Logs/AssetImportWorker0.log
-srvPort
64153
Successfully changed project path to: C:/Users/Egidijus.Subacius/Desktop/Unity/_SpaceStrategy/MyTestProject
C:/Users/Egidijus.Subacius/Desktop/Unity/_SpaceStrategy/MyTestProject
Using Asset Import Pipeline V2.
Refreshing native plugins compatible for Editor in 30.52 ms, found 2 plugins.
Preloading 0 native plugins for Editor in 0.00 ms.
Initialize engine version: 2020.3.31f1 (6b54b7616050)
[Subsystems] Discovering subsystems at path C:/Program Files/Unity 2020.3.31f1/Editor/Data/Resources/UnitySubsystems
[Subsystems] Discovering subsystems at path C:/Users/Egidijus.Subacius/Desktop/Unity/_SpaceStrategy/MyTestProject/Assets
GfxDevice: creating device client; threaded=0
Direct3D:
    Version:  Direct3D 11.0 [level 11.1]
    Renderer: NVIDIA GeForce GTX 1080 (ID=0x1b80)
    Vendor:   
    VRAM:     8079 MB
    Driver:   27.21.14.5751
Initialize mono
Mono path[0] = 'C:/Program Files/Unity 2020.3.31f1/Editor/Data/Managed'
Mono path[1] = 'C:/Program Files/Unity 2020.3.31f1/Editor/Data/MonoBleedingEdge/lib/mono/unityjit'
Mono config path = 'C:/Program Files/Unity 2020.3.31f1/Editor/Data/MonoBleedingEdge/etc'
Using monoOptions --debugger-agent=transport=dt_socket,embedding=1,server=y,suspend=n,address=127.0.0.1:56404
Begin MonoManager ReloadAssembly
Registering precompiled unity dll's ...
Register platform support module: C:/Program Files/Unity 2020.3.31f1/Editor/Data/PlaybackEngines/WindowsStandaloneSupport/UnityEditor.WindowsStandalone.Extensions.dll
Registered in 0.003139 seconds.
Native extension for WindowsStandalone target not found
Refreshing native plugins compatible for Editor in 28.61 ms, found 2 plugins.
Preloading 0 native plugins for Editor in 0.00 ms.
Mono: successfully reloaded assembly
- Completed reload, in  0.640 seconds
Domain Reload Profiling:
	ReloadAssembly (640ms)
		BeginReloadAssembly (165ms)
			ExecutionOrderSort (0ms)
			DisableScriptedObjects (0ms)
			BackupInstance (0ms)
			ReleaseScriptingObjects (0ms)
			CreateAndSetChildDomain (1ms)
		EndReloadAssembly (405ms)
			LoadAssemblies (165ms)
			RebuildTransferFunctionScriptingTraits (0ms)
			SetupTypeCache (138ms)
			ReleaseScriptCaches (0ms)
			RebuildScriptCaches (27ms)
			SetupLoadedEditorAssemblies (149ms)
				LogAssemblyErrors (0ms)
				InitializePlatformSupportModulesInManaged (4ms)
				SetLoadedEditorAssemblies (0ms)
				RefreshPlugins (29ms)
				BeforeProcessingInitializeOnLoad (12ms)
				ProcessInitializeOnLoadAttributes (75ms)
				ProcessInitializeOnLoadMethodAttributes (29ms)
				AfterProcessingInitializeOnLoad (0ms)
				EditorAssembliesLoaded (0ms)
			ExecutionOrderSort2 (0ms)
			AwakeInstancesAfterBackupRestoration (0ms)
Platform modules already initialized, skipping
Registering precompiled user dll's ...
Registered in 0.006401 seconds.
Begin MonoManager ReloadAssembly
Native extension for WindowsStandalone target not found
Refreshing native plugins compatible for Editor in 0.29 ms, found 2 plugins.
Preloading 0 native plugins for Editor in 0.00 ms.
Mono: successfully reloaded assembly
- Completed reload, in  1.104 seconds
Domain Reload Profiling:
	ReloadAssembly (1107ms)
		BeginReloadAssembly (245ms)
			ExecutionOrderSort (0ms)
			DisableScriptedObjects (4ms)
			BackupInstance (0ms)
			ReleaseScriptingObjects (0ms)
			CreateAndSetChildDomain (17ms)
		EndReloadAssembly (804ms)
			LoadAssemblies (229ms)
			RebuildTransferFunctionScriptingTraits (0ms)
			SetupTypeCache (297ms)
			ReleaseScriptCaches (0ms)
			RebuildScriptCaches (37ms)
			SetupLoadedEditorAssemblies (271ms)
				LogAssemblyErrors (0ms)
				InitializePlatformSupportModulesInManaged (4ms)
				SetLoadedEditorAssemblies (0ms)
				RefreshPlugins (0ms)
				BeforeProcessingInitializeOnLoad (71ms)
				ProcessInitializeOnLoadAttributes (175ms)
				ProcessInitializeOnLoadMethodAttributes (12ms)
				AfterProcessingInitializeOnLoad (8ms)
				EditorAssembliesLoaded (0ms)
			ExecutionOrderSort2 (0ms)
			AwakeInstancesAfterBackupRestoration (7ms)
Platform modules already initialized, skipping
========================================================================
Worker process is ready to serve import requests
Launched and connected shader compiler UnityShaderCompiler.exe after 0.07 seconds
Refreshing native plugins compatible for Editor in 0.39 ms, found 2 plugins.
Preloading 0 native plugins for Editor in 0.00 ms.
Unloading 1506 Unused Serialized files (Serialized files now loaded: 0)
System memory in use before: 68.5 MB.
System memory in use after: 68.6 MB.

Unloading 16 unused Assets to reduce memory usage. Loaded Objects now: 1942.
Total: 2.570700 ms (FindLiveObjects: 0.122400 ms CreateObjectMapping: 0.048000 ms MarkObjects: 2.339400 ms  DeleteObjects: 0.059800 ms)

AssetImportParameters requested are different than current active one (requested -> active):
  custom:framework-win-MediaFoundation: 216162199b28c13a410421893ffa2e32 -> 
  custom:video-decoder-ogg-theora: a1e56fd34408186e4bbccfd4996cb3dc -> 
  custom:container-muxer-webm: aa71ff27fc2769a1b78a27578f13a17b -> 
  custom:container-demuxer-webm: 4f35f7cbe854078d1ac9338744f61a02 -> 
  custom:container-demuxer-ogg: 62fdf1f143b41e24485cea50d1cbac27 -> 
  custom:video-encoder-webm-vp8: eb34c28f22e8b96e1ab97ce403110664 -> 
  custom:video-decoder-webm-vp8: 9c59270c3fd7afecdb556c50c9e8de78 -> 
  custom:audio-decoder-ogg-vorbis: bf7c407c2cedff20999df2af8eb42d56 -> 
  custom:audio-encoder-webm-vorbis: bf7c407c2cedff20999df2af8eb42d56 -> 
========================================================================
Received Import Request.
  path: Assets/pref
  artifactKey: Guid(f597660e28295704e9be6c77cf467993) Importer(815301076,1909f56bfc062723c751e8b465ee728b)
Start importing Assets/pref using Guid(f597660e28295704e9be6c77cf467993) Importer(815301076,1909f56bfc062723c751e8b465ee728b)  -> (artifact id: '1208e6be6fa86ad2ac76e96aab581217') in 0.008452 seconds 
========================================================================
Received Import Request.
  Time since last request: 23.050646 seconds.
  path: Assets/pref/IronOre.prefab
  artifactKey: Guid(b01b67cfdf26881468e50d87f888b306) Importer(815301076,1909f56bfc062723c751e8b465ee728b)
Start importing Assets/pref/IronOre.prefab using Guid(b01b67cfdf26881468e50d87f888b306) Importer(815301076,1909f56bfc062723c751e8b465ee728b)  -> (artifact id: 'f38c7a5f215c2763e17fa220c1bbedb0') in 0.106369 seconds 
========================================================================
Received Import Request.
  Time since last request: 0.571871 seconds.
  path: Assets/pref/Panel1.prefab
  artifactKey: Guid(1145cfaf90bc7d74aa89c453d0a5f889) Importer(815301076,1909f56bfc062723c751e8b465ee728b)
Start importing Assets/pref/Panel1.prefab using Guid(1145cfaf90bc7d74aa89c453d0a5f889) Importer(815301076,1909f56bfc062723c751e8b465ee728b)  -> (artifact id: 'c07bb5fec8016e4ce3ac5366f68a2a62') in 0.016896 seconds 
========================================================================
Received Import Request.
  Time since last request: 3.051104 seconds.
  path: Assets/pref/Panel2.prefab
  artifactKey: Guid(83e82885c0ed8674aa858ea2964fcf94) Importer(815301076,1909f56bfc062723c751e8b465ee728b)
Start importing Assets/pref/Panel2.prefab using Guid(83e82885c0ed8674aa858ea2964fcf94) Importer(815301076,1909f56bfc062723c751e8b465ee728b)  -> (artifact id: '09965dcc4e690df0bd269a989654be58') in 0.011884 seconds 
========================================================================
Received Import Request.
  Time since last request: 2.018861 seconds.
  path: Assets/pref/WariorUI.prefab
  artifactKey: Guid(bf8655c0b789a744fb49e9c943908ab4) Importer(815301076,1909f56bfc062723c751e8b465ee728b)
Start importing Assets/pref/WariorUI.prefab using Guid(bf8655c0b789a744fb49e9c943908ab4) Importer(815301076,1909f56bfc062723c751e8b465ee728b)  -> (artifact id: '5382331090c37bdbb76eeba3afd544fa') in 0.033887 seconds 
========================================================================
Received Import Request.
  Time since last request: 1.855632 seconds.
  path: Assets/Scenes
  artifactKey: Guid(9813c8eea64d37646857e74f4cfed951) Importer(815301076,1909f56bfc062723c751e8b465ee728b)
Start importing Assets/Scenes using Guid(9813c8eea64d37646857e74f4cfed951) Importer(815301076,1909f56bfc062723c751e8b465ee728b)  -> (artifact id: 'dfa01ad36be421f675923c8ddd0b46a3') in 0.008838 seconds 
========================================================================
Received Import Request.
  Time since last request: 0.711190 seconds.
  path: Assets/pref/wariorTemplate.prefab
  artifactKey: Guid(fc94ee3a68aa3e3499913b0eba26c331) Importer(815301076,1909f56bfc062723c751e8b465ee728b)
Start importing Assets/pref/wariorTemplate.prefab using Guid(fc94ee3a68aa3e3499913b0eba26c331) Importer(815301076,1909f56bfc062723c751e8b465ee728b)  -> (artifact id: '6f0d1af2a2ac8c5742e923bb0a14e6d6') in 0.034598 seconds 
========================================================================
Received Prepare
Registering precompiled user dll's ...
Registered in 0.007295 seconds.
Begin MonoManager ReloadAssembly
Native extension for WindowsStandalone target not found
Refreshing native plugins compatible for Editor in 0.28 ms, found 2 plugins.
Preloading 0 native plugins for Editor in 0.00 ms.
Mono: successfully reloaded assembly
- Completed reload, in  0.982 seconds
Domain Reload Profiling:
	ReloadAssembly (983ms)
		BeginReloadAssembly (200ms)
			ExecutionOrderSort (0ms)
			DisableScriptedObjects (6ms)
			BackupInstance (0ms)
			ReleaseScriptingObjects (0ms)
			CreateAndSetChildDomain (27ms)
		EndReloadAssembly (729ms)
			LoadAssemblies (198ms)
			RebuildTransferFunctionScriptingTraits (0ms)
			SetupTypeCache (274ms)
			ReleaseScriptCaches (1ms)
			RebuildScriptCaches (36ms)
			SetupLoadedEditorAssemblies (241ms)
				LogAssemblyErrors (0ms)
				InitializePlatformSupportModulesInManaged (4ms)
				SetLoadedEditorAssemblies (0ms)
				RefreshPlugins (0ms)
				BeforeProcessingInitializeOnLoad (68ms)
				ProcessInitializeOnLoadAttributes (151ms)
				ProcessInitializeOnLoadMethodAttributes (11ms)
				AfterProcessingInitializeOnLoad (7ms)
				EditorAssembliesLoaded (0ms)
			ExecutionOrderSort2 (0ms)
			AwakeInstancesAfterBackupRestoration (6ms)
Platform modules already initialized, skipping
Refreshing native plugins compatible for Editor in 0.28 ms, found 2 plugins.
Preloading 0 native plugins for Editor in 0.00 ms.
Unloading 1513 Unused Serialized files (Serialized files now loaded: 0)
System memory in use before: 70.7 MB.
System memory in use after: 70.1 MB.

Unloading 25 unused Assets to reduce memory usage. Loaded Objects now: 1947.
Total: 2.704800 ms (FindLiveObjects: 0.122800 ms CreateObjectMapping: 0.037100 ms MarkObjects: 2.286800 ms  DeleteObjects: 0.257400 ms)

AssetImportParameters requested are different than current active one (requested -> active):
  custom:framework-win-MediaFoundation: 216162199b28c13a410421893ffa2e32 -> 
  custom:video-decoder-ogg-theora: a1e56fd34408186e4bbccfd4996cb3dc -> 
  custom:container-muxer-webm: aa71ff27fc2769a1b78a27578f13a17b -> 
  custom:container-demuxer-webm: 4f35f7cbe854078d1ac9338744f61a02 -> 
  custom:container-demuxer-ogg: 62fdf1f143b41e24485cea50d1cbac27 -> 
  custom:video-encoder-webm-vp8: eb34c28f22e8b96e1ab97ce403110664 -> 
  custom:video-decoder-webm-vp8: 9c59270c3fd7afecdb556c50c9e8de78 -> 
  custom:audio-decoder-ogg-vorbis: bf7c407c2cedff20999df2af8eb42d56 -> 
  custom:audio-encoder-webm-vorbis: bf7c407c2cedff20999df2af8eb42d56 -> 
